0 info it worked if it ends with ok
1 verbose cli [ '/home/ubuntu/.nvm/versions/node/v6.11.2/bin/node',
1 verbose cli   '/home/ubuntu/.nvm/versions/node/v6.11.2/bin/npm',
1 verbose cli   'install',
1 verbose cli   'mongoose' ]
2 info using npm@3.10.10
3 info using node@v6.11.2
4 silly loadCurrentTree Starting
5 silly install loadCurrentTree
6 silly install readLocalPackageData
7 silly fetchPackageMetaData mongoose@0.0.5
8 silly fetchNamedPackageData mongoose
9 silly mapToRegistry name mongoose
10 silly mapToRegistry using default registry
11 silly mapToRegistry registry https://registry.npmjs.org/
12 silly mapToRegistry data Result {
12 silly mapToRegistry   raw: 'mongoose',
12 silly mapToRegistry   scope: null,
12 silly mapToRegistry   escapedName: 'mongoose',
12 silly mapToRegistry   name: 'mongoose',
12 silly mapToRegistry   rawSpec: '',
12 silly mapToRegistry   spec: 'latest',
12 silly mapToRegistry   type: 'tag' }
13 silly mapToRegistry uri https://registry.npmjs.org/mongoose
14 verbose request uri https://registry.npmjs.org/mongoose
15 verbose request no auth needed
16 info attempt registry request try #1 at 9:29:41 AM
17 verbose request id d66e15e4c12da38e
18 verbose etag "5a597e51-afb48"
19 verbose lastModified Sat, 13 Jan 2018 3:34:41 GMT
20 http request GET https://registry.npmjs.org/mongoose
21 http 304 https://registry.npmjs.org/mongoose
22 verbose headers { date: 'Tue, 16 Jan 2018 09:29:41 GMT',
22 verbose headers   via: '1.1 varnish',
22 verbose headers   'cache-control': 'max-age=300',
22 verbose headers   etag: '"5a597e51-afb48"',
22 verbose headers   age: '2538',
22 verbose headers   connection: 'keep-alive',
22 verbose headers   'x-served-by': 'cache-mdw17325-MDW',
22 verbose headers   'x-cache': 'HIT',
22 verbose headers   'x-cache-hits': '1',
22 verbose headers   'x-timer': 'S1516094981.485672,VS0,VE1',
22 verbose headers   vary: 'Accept-Encoding, Accept' }
23 silly get cb [ 304,
23 silly get   { date: 'Tue, 16 Jan 2018 09:29:41 GMT',
23 silly get     via: '1.1 varnish',
23 silly get     'cache-control': 'max-age=300',
23 silly get     etag: '"5a597e51-afb48"',
23 silly get     age: '2538',
23 silly get     connection: 'keep-alive',
23 silly get     'x-served-by': 'cache-mdw17325-MDW',
23 silly get     'x-cache': 'HIT',
23 silly get     'x-cache-hits': '1',
23 silly get     'x-timer': 'S1516094981.485672,VS0,VE1',
23 silly get     vary: 'Accept-Encoding, Accept' } ]
24 verbose etag https://registry.npmjs.org/mongoose from cache
25 verbose get saving mongoose to /home/ubuntu/.npm/registry.npmjs.org/mongoose/.cache.json
26 verbose correctMkdir /home/ubuntu/.npm correctMkdir not in flight; initializing
27 silly install normalizeTree
28 silly loadCurrentTree Finishing
29 silly loadIdealTree Starting
30 silly install loadIdealTree
31 silly cloneCurrentTree Starting
32 silly install cloneCurrentTreeToIdealTree
33 silly cloneCurrentTree Finishing
34 silly loadShrinkwrap Starting
35 silly install loadShrinkwrap
36 silly loadShrinkwrap Finishing
37 silly loadAllDepsIntoIdealTree Starting
38 silly install loadAllDepsIntoIdealTree
39 silly resolveWithNewModule mongoose@0.0.5 checking installable status
40 silly cache add args [ 'mongoose@0.0.5', null ]
41 verbose cache add spec mongoose@0.0.5
42 silly cache add parsed spec Result {
42 silly cache add   raw: 'mongoose@0.0.5',
42 silly cache add   scope: null,
42 silly cache add   escapedName: 'mongoose',
42 silly cache add   name: 'mongoose',
42 silly cache add   rawSpec: '0.0.5',
42 silly cache add   spec: '0.0.5',
42 silly cache add   type: 'version' }
43 silly addNamed mongoose@0.0.5
44 verbose addNamed "0.0.5" is a plain semver version for mongoose
45 silly mapToRegistry name mongoose
46 silly mapToRegistry using default registry
47 silly mapToRegistry registry https://registry.npmjs.org/
48 silly mapToRegistry data Result {
48 silly mapToRegistry   raw: 'mongoose',
48 silly mapToRegistry   scope: null,
48 silly mapToRegistry   escapedName: 'mongoose',
48 silly mapToRegistry   name: 'mongoose',
48 silly mapToRegistry   rawSpec: '',
48 silly mapToRegistry   spec: 'latest',
48 silly mapToRegistry   type: 'tag' }
49 silly mapToRegistry uri https://registry.npmjs.org/mongoose
50 verbose addNameVersion registry:https://registry.npmjs.org/mongoose not in flight; fetching
51 verbose get https://registry.npmjs.org/mongoose not expired, no request
52 silly mapToRegistry name mongoose
53 silly mapToRegistry using default registry
54 silly mapToRegistry registry https://registry.npmjs.org/
55 silly mapToRegistry data Result {
55 silly mapToRegistry   raw: 'mongoose',
55 silly mapToRegistry   scope: null,
55 silly mapToRegistry   escapedName: 'mongoose',
55 silly mapToRegistry   name: 'mongoose',
55 silly mapToRegistry   rawSpec: '',
55 silly mapToRegistry   spec: 'latest',
55 silly mapToRegistry   type: 'tag' }
56 silly mapToRegistry uri https://registry.npmjs.org/mongoose
57 verbose addRemoteTarball https://registry.npmjs.org/mongoose/-/mongoose-0.0.5.tgz not in flight; adding
58 verbose addRemoteTarball [ 'https://registry.npmjs.org/mongoose/-/mongoose-0.0.5.tgz',
58 verbose addRemoteTarball   'f3133bb6670c65767443d14e9a4e851b8132795c' ]
59 info retry fetch attempt 1 at 9:29:41 AM
60 info attempt registry request try #1 at 9:29:41 AM
61 http fetch GET https://registry.npmjs.org/mongoose/-/mongoose-0.0.5.tgz
62 http fetch 200 https://registry.npmjs.org/mongoose/-/mongoose-0.0.5.tgz
63 silly fetchAndShaCheck shasum f3133bb6670c65767443d14e9a4e851b8132795c
64 verbose addTmpTarball /tmp/npm-14386-4c206e52/registry.npmjs.org/mongoose/-/mongoose-0.0.5.tgz not in flight; adding
65 verbose addTmpTarball already have metadata; skipping unpack for mongoose@0.0.5
66 verbose correctMkdir /home/ubuntu/.npm correctMkdir not in flight; initializing
67 silly cache afterAdd mongoose@0.0.5
68 verbose afterAdd /home/ubuntu/.npm/mongoose/0.0.5/package/package.json not in flight; writing
69 verbose correctMkdir /home/ubuntu/.npm correctMkdir not in flight; initializing
70 verbose afterAdd /home/ubuntu/.npm/mongoose/0.0.5/package/package.json written
71 silly fetchNamedPackageData mongodb
72 silly mapToRegistry name mongodb
73 silly mapToRegistry using default registry
74 silly mapToRegistry registry https://registry.npmjs.org/
75 silly mapToRegistry data Result {
75 silly mapToRegistry   raw: 'mongodb',
75 silly mapToRegistry   scope: null,
75 silly mapToRegistry   escapedName: 'mongodb',
75 silly mapToRegistry   name: 'mongodb',
75 silly mapToRegistry   rawSpec: '',
75 silly mapToRegistry   spec: 'latest',
75 silly mapToRegistry   type: 'tag' }
76 silly mapToRegistry uri https://registry.npmjs.org/mongodb
77 verbose request uri https://registry.npmjs.org/mongodb
78 verbose request no auth needed
79 info attempt registry request try #1 at 9:29:41 AM
80 verbose etag "5a5856d7-9c6d3"
81 verbose lastModified Fri, 12 Jan 2018 6:33:59 GMT
82 http request GET https://registry.npmjs.org/mongodb
83 http 304 https://registry.npmjs.org/mongodb
84 verbose headers { date: 'Tue, 16 Jan 2018 09:29:41 GMT',
84 verbose headers   via: '1.1 varnish',
84 verbose headers   'cache-control': 'max-age=300',
84 verbose headers   etag: '"5a5856d7-9c6d3"',
84 verbose headers   age: '10240',
84 verbose headers   connection: 'keep-alive',
84 verbose headers   'x-served-by': 'cache-mdw17325-MDW',
84 verbose headers   'x-cache': 'HIT',
84 verbose headers   'x-cache-hits': '19',
84 verbose headers   'x-timer': 'S1516094982.771677,VS0,VE0',
84 verbose headers   vary: 'Accept-Encoding, Accept' }
85 silly get cb [ 304,
85 silly get   { date: 'Tue, 16 Jan 2018 09:29:41 GMT',
85 silly get     via: '1.1 varnish',
85 silly get     'cache-control': 'max-age=300',
85 silly get     etag: '"5a5856d7-9c6d3"',
85 silly get     age: '10240',
85 silly get     connection: 'keep-alive',
85 silly get     'x-served-by': 'cache-mdw17325-MDW',
85 silly get     'x-cache': 'HIT',
85 silly get     'x-cache-hits': '19',
85 silly get     'x-timer': 'S1516094982.771677,VS0,VE0',
85 silly get     vary: 'Accept-Encoding, Accept' } ]
86 verbose etag https://registry.npmjs.org/mongodb from cache
87 verbose get saving mongodb to /home/ubuntu/.npm/registry.npmjs.org/mongodb/.cache.json
88 verbose correctMkdir /home/ubuntu/.npm correctMkdir not in flight; initializing
89 silly fetchNamedPackageData No valid target from cache, forcing network
90 verbose request uri https://registry.npmjs.org/mongodb
91 verbose request no auth needed
92 info attempt registry request try #1 at 9:29:41 AM
93 http request GET https://registry.npmjs.org/mongodb
94 http 200 https://registry.npmjs.org/mongodb
95 verbose headers { 'content-type': 'application/json; charset=UTF-8',
95 verbose headers   server: 'UploadServer',
95 verbose headers   'cache-control': 'max-age=300',
95 verbose headers   'last-modified': 'Fri, 12 Jan 2018 6:33:59 GMT',
95 verbose headers   etag: '"5a5856d7-9c6d3"',
95 verbose headers   'content-encoding': 'gzip',
95 verbose headers   'content-length': '38101',
95 verbose headers   'accept-ranges': 'bytes',
95 verbose headers   date: 'Tue, 16 Jan 2018 09:29:41 GMT',
95 verbose headers   via: '1.1 varnish',
95 verbose headers   age: '10240',
95 verbose headers   connection: 'keep-alive',
95 verbose headers   'x-served-by': 'cache-mdw17325-MDW',
95 verbose headers   'x-cache': 'HIT',
95 verbose headers   'x-cache-hits': '20',
95 verbose headers   'x-timer': 'S1516094982.836597,VS0,VE0',
95 verbose headers   vary: 'Accept-Encoding, Accept' }
96 silly get cb [ 200,
96 silly get   { 'content-type': 'application/json; charset=UTF-8',
96 silly get     server: 'UploadServer',
96 silly get     'cache-control': 'max-age=300',
96 silly get     'last-modified': 'Fri, 12 Jan 2018 6:33:59 GMT',
96 silly get     etag: '"5a5856d7-9c6d3"',
96 silly get     'content-encoding': 'gzip',
96 silly get     'content-length': '38101',
96 silly get     'accept-ranges': 'bytes',
96 silly get     date: 'Tue, 16 Jan 2018 09:29:41 GMT',
96 silly get     via: '1.1 varnish',
96 silly get     age: '10240',
96 silly get     connection: 'keep-alive',
96 silly get     'x-served-by': 'cache-mdw17325-MDW',
96 silly get     'x-cache': 'HIT',
96 silly get     'x-cache-hits': '20',
96 silly get     'x-timer': 'S1516094982.836597,VS0,VE0',
96 silly get     vary: 'Accept-Encoding, Accept' } ]
97 verbose get saving mongodb to /home/ubuntu/.npm/registry.npmjs.org/mongodb/.cache.json
98 verbose correctMkdir /home/ubuntu/.npm correctMkdir not in flight; initializing
99 silly fetchPackageMetaData Error: No compatible version found: mongodb@0.7.9
99 silly fetchPackageMetaData Valid install targets:
99 silly fetchPackageMetaData 3.0.1, 3.0.0, 3.0.0-rc0, 2.2.34, 2.2.33, 2.2.32, 2.2.31, 2.2.30, 2.2.29, 2.2.28, 2.2.27, 2.2.26, 2.2.25, 2.2.24, 2.2.23, 2.2.22, 2.2.21, 2.2.20, 2.2.19, 2.2.18, 2.2.17, 2.2.16, 2.2.15, 2.2.14, 2.2.13, 2.2.12, 2.2.11, 2.2.10, 2.2.9, 2.2.8, 2.2.7, 2.2.6, 2.2.5, 2.2.4, 2.2.3, 2.2.2, 2.2.1, 2.2.0, 2.2.0-alpha2, 2.2.0-alpha1, 2.1.22-alpha4, 2.1.22-alpha3, 2.1.22-alpha2, 2.1.22-alpha, 2.1.21, 2.1.20, 2.1.19, 2.1.18, 2.1.17, 2.1.16, 2.1.15, 2.1.14, 2.1.13, 2.1.12, 2.1.11, 2.1.10, 2.1.9, 2.1.8, 2.1.7, 2.1.6, 2.1.5, 2.1.4, 2.1.3, 2.1.2, 2.1.1, 2.1.0, 2.1.0-rc1, 2.1.0-alpha, 2.0.55, 2.0.54, 2.0.53, 2.0.52, 2.0.51, 2.0.50, 2.0.49, 2.0.48, 2.0.47, 2.0.46, 2.0.45, 2.0.44, 2.0.43, 2.0.42, 2.0.41, 2.0.40, 2.0.39, 2.0.38, 2.0.37, 2.0.36, 2.0.35, 2.0.34, 2.0.33, 2.0.32, 2.0.31, 2.0.30, 2.0.29, 2.0.28, 2.0.27, 2.0.26, 2.0.25, 2.0.24, 2.0.23, 2.0.22, 2.0.21, 2.0.20, 2.0.19, 2.0.18, 2.0.17, 2.0.16, 2.0.15, 2.0.14, 2.0.13, 2.0.12, 2.0.11, 2.0.10, 2.0.9, 2.0.8, 2.0.7, 2.0.6, 2.0.5, 2.0.4, 2.0.3, 2.0.2, 2.0.1, 2.0.0, 2.0.0-alpha2, 2.0.0-alpha1, 1.4.40, 1.4.39, 1.4.38, 1.4.37, 1.4.36, 1.4.35, 1.4.34, 1.4.33, 1.4.32, 1.4.31, 1.4.30, 1.4.29, 1.4.28, 1.4.27, 1.4.26, 1.4.25, 1.4.24, 1.4.23, 1.4.22, 1.4.20, 1.4.19, 1.4.18, 1.4.17, 1.4.16, 1.4.15, 1.4.14, 1.4.12, 1.4.11, 1.4.10, 1.4.9, 1.4.8, 1.4.7, 1.4.6, 1.4.5, 1.4.4, 1.4.3, 1.4.2, 1.4.1, 1.4.0, 1.4.0-rc9, 1.4.0-rc8, 1.4.0-rc7, 1.4.0-rc6, 1.4.0-rc5, 1.4.0-rc4, 1.4.0-rc3, 1.4.0-rc2, 1.4.0-rc10, 1.3.23, 1.3.22, 1.3.21, 1.3.20, 1.3.19, 1.3.18, 1.3.17, 1.3.15, 1.3.14, 1.3.12, 1.3.11, 1.3.10, 1.3.9, 1.3.8, 1.3.7, 1.3.6, 1.3.5, 1.3.4, 1.3.3, 1.3.2, 1.3.1, 1.3.0, 1.2.14, 1.2.13, 1.2.12, 1.2.11, 1.2.10, 1.2.9, 1.2.8, 1.2.7, 1.2.6, 1.2.5, 1.2.4, 1.2.3, 1.2.2, 1.2.1, 1.2.0, 1.1.11, 1.1.10, 1.1.9, 1.1.8, 1.1.7, 1.1.6, 1.1.5, 1.1.4, 1.1.3, 1.1.2, 1.1.1, 1.1.0, 1.1.0-beta, 1.0.2, 1.0.1, 1.0.0, 0.9.9, 0.9.9-8, 0.9.9-7, 0.9.9-6, 0.9.9-5, 0.9.9-4, 0.9.9-3, 0.9.9-2, 0.9.9-1, 0.9.8, 0.9.8-7, 0.9.8-6, 0.9.8-5, 0.9.8-4, 0.9.8-3, 0.9.8-2, 0.9.8-1, 0.9.7, 0.9.7-3-5, 0.9.7-3-4, 0.9.7-3-3, 0.9.7-3-2, 0.9.7-3-1, 0.9.7-2-5, 0.9.7-2-4, 0.9.7-2-3, 0.9.7-2-2, 0.9.7-2-1, 0.9.7-3, 0.9.7-2, 0.9.7-1.4, 0.9.7-1.3, 0.9.7-1.2, 0.9.7-1.1, 0.9.7-1, 0.9.7-0, 0.9.6-23, 0.9.6-22, 0.9.6-21, 0.9.6-20, 0.9.6-19, 0.9.6-18, 0.9.6-17, 0.9.6-16, 0.9.6-15, 0.9.6-14, 0.9.6-13, 0.9.6-12, 0.9.6-11, 0.9.6-10, 0.9.6-9, 0.9.6-8, 0.9.6-7, 0.9.4, 0.9.4-4, 0.9.3, 0.9.2, 0.9.1
99 silly fetchPackageMetaData
99 silly fetchPackageMetaData     at pickVersionFromRegistryDocument (/home/ubuntu/.nvm/versions/node/v6.11.2/lib/node_modules/npm/lib/fetch-package-metadata.js:178:16)
99 silly fetchPackageMetaData     at /home/ubuntu/.nvm/versions/node/v6.11.2/lib/node_modules/npm/node_modules/iferr/index.js:13:50
99 silly fetchPackageMetaData     at /home/ubuntu/.nvm/versions/node/v6.11.2/lib/node_modules/npm/lib/utils/pulse-till-done.js:20:8
99 silly fetchPackageMetaData     at saved (/home/ubuntu/.nvm/versions/node/v6.11.2/lib/node_modules/npm/lib/cache/caching-client.js:174:7)
99 silly fetchPackageMetaData     at /home/ubuntu/.nvm/versions/node/v6.11.2/lib/node_modules/npm/node_modules/graceful-fs/polyfills.js:241:18
99 silly fetchPackageMetaData     at FSReqWrap.oncomplete (fs.js:123:15)
99 silly fetchPackageMetaData  error for mongodb@0.7.9 { Error: No compatible version found: mongodb@0.7.9
99 silly fetchPackageMetaData Valid install targets:
99 silly fetchPackageMetaData 3.0.1, 3.0.0, 3.0.0-rc0, 2.2.34, 2.2.33, 2.2.32, 2.2.31, 2.2.30, 2.2.29, 2.2.28, 2.2.27, 2.2.26, 2.2.25, 2.2.24, 2.2.23, 2.2.22, 2.2.21, 2.2.20, 2.2.19, 2.2.18, 2.2.17, 2.2.16, 2.2.15, 2.2.14, 2.2.13, 2.2.12, 2.2.11, 2.2.10, 2.2.9, 2.2.8, 2.2.7, 2.2.6, 2.2.5, 2.2.4, 2.2.3, 2.2.2, 2.2.1, 2.2.0, 2.2.0-alpha2, 2.2.0-alpha1, 2.1.22-alpha4, 2.1.22-alpha3, 2.1.22-alpha2, 2.1.22-alpha, 2.1.21, 2.1.20, 2.1.19, 2.1.18, 2.1.17, 2.1.16, 2.1.15, 2.1.14, 2.1.13, 2.1.12, 2.1.11, 2.1.10, 2.1.9, 2.1.8, 2.1.7, 2.1.6, 2.1.5, 2.1.4, 2.1.3, 2.1.2, 2.1.1, 2.1.0, 2.1.0-rc1, 2.1.0-alpha, 2.0.55, 2.0.54, 2.0.53, 2.0.52, 2.0.51, 2.0.50, 2.0.49, 2.0.48, 2.0.47, 2.0.46, 2.0.45, 2.0.44, 2.0.43, 2.0.42, 2.0.41, 2.0.40, 2.0.39, 2.0.38, 2.0.37, 2.0.36, 2.0.35, 2.0.34, 2.0.33, 2.0.32, 2.0.31, 2.0.30, 2.0.29, 2.0.28, 2.0.27, 2.0.26, 2.0.25, 2.0.24, 2.0.23, 2.0.22, 2.0.21, 2.0.20, 2.0.19, 2.0.18, 2.0.17, 2.0.16, 2.0.15, 2.0.14, 2.0.13, 2.0.12, 2.0.11, 2.0.10, 2.0.9, 2.0.8, 2.0.7, 2.0.6, 2.0.5, 2.0.4, 2.0.3, 2.0.2, 2.0.1, 2.0.0, 2.0.0-alpha2, 2.0.0-alpha1, 1.4.40, 1.4.39, 1.4.38, 1.4.37, 1.4.36, 1.4.35, 1.4.34, 1.4.33, 1.4.32, 1.4.31, 1.4.30, 1.4.29, 1.4.28, 1.4.27, 1.4.26, 1.4.25, 1.4.24, 1.4.23, 1.4.22, 1.4.20, 1.4.19, 1.4.18, 1.4.17, 1.4.16, 1.4.15, 1.4.14, 1.4.12, 1.4.11, 1.4.10, 1.4.9, 1.4.8, 1.4.7, 1.4.6, 1.4.5, 1.4.4, 1.4.3, 1.4.2, 1.4.1, 1.4.0, 1.4.0-rc9, 1.4.0-rc8, 1.4.0-rc7, 1.4.0-rc6, 1.4.0-rc5, 1.4.0-rc4, 1.4.0-rc3, 1.4.0-rc2, 1.4.0-rc10, 1.3.23, 1.3.22, 1.3.21, 1.3.20, 1.3.19, 1.3.18, 1.3.17, 1.3.15, 1.3.14, 1.3.12, 1.3.11, 1.3.10, 1.3.9, 1.3.8, 1.3.7, 1.3.6, 1.3.5, 1.3.4, 1.3.3, 1.3.2, 1.3.1, 1.3.0, 1.2.14, 1.2.13, 1.2.12, 1.2.11, 1.2.10, 1.2.9, 1.2.8, 1.2.7, 1.2.6, 1.2.5, 1.2.4, 1.2.3, 1.2.2, 1.2.1, 1.2.0, 1.1.11, 1.1.10, 1.1.9, 1.1.8, 1.1.7, 1.1.6, 1.1.5, 1.1.4, 1.1.3, 1.1.2, 1.1.1, 1.1.0, 1.1.0-beta, 1.0.2, 1.0.1, 1.0.0, 0.9.9, 0.9.9-8, 0.9.9-7, 0.9.9-6, 0.9.9-5, 0.9.9-4, 0.9.9-3, 0.9.9-2, 0.9.9-1, 0.9.8, 0.9.8-7, 0.9.8-6, 0.9.8-5, 0.9.8-4, 0.9.8-3, 0.9.8-2, 0.9.8-1, 0.9.7, 0.9.7-3-5, 0.9.7-3-4, 0.9.7-3-3, 0.9.7-3-2, 0.9.7-3-1, 0.9.7-2-5, 0.9.7-2-4, 0.9.7-2-3, 0.9.7-2-2, 0.9.7-2-1, 0.9.7-3, 0.9.7-2, 0.9.7-1.4, 0.9.7-1.3, 0.9.7-1.2, 0.9.7-1.1, 0.9.7-1, 0.9.7-0, 0.9.6-23, 0.9.6-22, 0.9.6-21, 0.9.6-20, 0.9.6-19, 0.9.6-18, 0.9.6-17, 0.9.6-16, 0.9.6-15, 0.9.6-14, 0.9.6-13, 0.9.6-12, 0.9.6-11, 0.9.6-10, 0.9.6-9, 0.9.6-8, 0.9.6-7, 0.9.4, 0.9.4-4, 0.9.3, 0.9.2, 0.9.1
99 silly fetchPackageMetaData
99 silly fetchPackageMetaData     at pickVersionFromRegistryDocument (/home/ubuntu/.nvm/versions/node/v6.11.2/lib/node_modules/npm/lib/fetch-package-metadata.js:178:16)
99 silly fetchPackageMetaData     at /home/ubuntu/.nvm/versions/node/v6.11.2/lib/node_modules/npm/node_modules/iferr/index.js:13:50
99 silly fetchPackageMetaData     at /home/ubuntu/.nvm/versions/node/v6.11.2/lib/node_modules/npm/lib/utils/pulse-till-done.js:20:8
99 silly fetchPackageMetaData     at saved (/home/ubuntu/.nvm/versions/node/v6.11.2/lib/node_modules/npm/lib/cache/caching-client.js:174:7)
99 silly fetchPackageMetaData     at /home/ubuntu/.nvm/versions/node/v6.11.2/lib/node_modules/npm/node_modules/graceful-fs/polyfills.js:241:18
99 silly fetchPackageMetaData     at FSReqWrap.oncomplete (fs.js:123:15) code: 'ETARGET' }
100 silly rollbackFailedOptional Starting
101 silly rollbackFailedOptional Finishing
102 silly runTopLevelLifecycles Finishing
103 silly install printInstalled
104 verbose stack Error: No compatible version found: mongodb@0.7.9
104 verbose stack Valid install targets:
104 verbose stack 3.0.1, 3.0.0, 3.0.0-rc0, 2.2.34, 2.2.33, 2.2.32, 2.2.31, 2.2.30, 2.2.29, 2.2.28, 2.2.27, 2.2.26, 2.2.25, 2.2.24, 2.2.23, 2.2.22, 2.2.21, 2.2.20, 2.2.19, 2.2.18, 2.2.17, 2.2.16, 2.2.15, 2.2.14, 2.2.13, 2.2.12, 2.2.11, 2.2.10, 2.2.9, 2.2.8, 2.2.7, 2.2.6, 2.2.5, 2.2.4, 2.2.3, 2.2.2, 2.2.1, 2.2.0, 2.2.0-alpha2, 2.2.0-alpha1, 2.1.22-alpha4, 2.1.22-alpha3, 2.1.22-alpha2, 2.1.22-alpha, 2.1.21, 2.1.20, 2.1.19, 2.1.18, 2.1.17, 2.1.16, 2.1.15, 2.1.14, 2.1.13, 2.1.12, 2.1.11, 2.1.10, 2.1.9, 2.1.8, 2.1.7, 2.1.6, 2.1.5, 2.1.4, 2.1.3, 2.1.2, 2.1.1, 2.1.0, 2.1.0-rc1, 2.1.0-alpha, 2.0.55, 2.0.54, 2.0.53, 2.0.52, 2.0.51, 2.0.50, 2.0.49, 2.0.48, 2.0.47, 2.0.46, 2.0.45, 2.0.44, 2.0.43, 2.0.42, 2.0.41, 2.0.40, 2.0.39, 2.0.38, 2.0.37, 2.0.36, 2.0.35, 2.0.34, 2.0.33, 2.0.32, 2.0.31, 2.0.30, 2.0.29, 2.0.28, 2.0.27, 2.0.26, 2.0.25, 2.0.24, 2.0.23, 2.0.22, 2.0.21, 2.0.20, 2.0.19, 2.0.18, 2.0.17, 2.0.16, 2.0.15, 2.0.14, 2.0.13, 2.0.12, 2.0.11, 2.0.10, 2.0.9, 2.0.8, 2.0.7, 2.0.6, 2.0.5, 2.0.4, 2.0.3, 2.0.2, 2.0.1, 2.0.0, 2.0.0-alpha2, 2.0.0-alpha1, 1.4.40, 1.4.39, 1.4.38, 1.4.37, 1.4.36, 1.4.35, 1.4.34, 1.4.33, 1.4.32, 1.4.31, 1.4.30, 1.4.29, 1.4.28, 1.4.27, 1.4.26, 1.4.25, 1.4.24, 1.4.23, 1.4.22, 1.4.20, 1.4.19, 1.4.18, 1.4.17, 1.4.16, 1.4.15, 1.4.14, 1.4.12, 1.4.11, 1.4.10, 1.4.9, 1.4.8, 1.4.7, 1.4.6, 1.4.5, 1.4.4, 1.4.3, 1.4.2, 1.4.1, 1.4.0, 1.4.0-rc9, 1.4.0-rc8, 1.4.0-rc7, 1.4.0-rc6, 1.4.0-rc5, 1.4.0-rc4, 1.4.0-rc3, 1.4.0-rc2, 1.4.0-rc10, 1.3.23, 1.3.22, 1.3.21, 1.3.20, 1.3.19, 1.3.18, 1.3.17, 1.3.15, 1.3.14, 1.3.12, 1.3.11, 1.3.10, 1.3.9, 1.3.8, 1.3.7, 1.3.6, 1.3.5, 1.3.4, 1.3.3, 1.3.2, 1.3.1, 1.3.0, 1.2.14, 1.2.13, 1.2.12, 1.2.11, 1.2.10, 1.2.9, 1.2.8, 1.2.7, 1.2.6, 1.2.5, 1.2.4, 1.2.3, 1.2.2, 1.2.1, 1.2.0, 1.1.11, 1.1.10, 1.1.9, 1.1.8, 1.1.7, 1.1.6, 1.1.5, 1.1.4, 1.1.3, 1.1.2, 1.1.1, 1.1.0, 1.1.0-beta, 1.0.2, 1.0.1, 1.0.0, 0.9.9, 0.9.9-8, 0.9.9-7, 0.9.9-6, 0.9.9-5, 0.9.9-4, 0.9.9-3, 0.9.9-2, 0.9.9-1, 0.9.8, 0.9.8-7, 0.9.8-6, 0.9.8-5, 0.9.8-4, 0.9.8-3, 0.9.8-2, 0.9.8-1, 0.9.7, 0.9.7-3-5, 0.9.7-3-4, 0.9.7-3-3, 0.9.7-3-2, 0.9.7-3-1, 0.9.7-2-5, 0.9.7-2-4, 0.9.7-2-3, 0.9.7-2-2, 0.9.7-2-1, 0.9.7-3, 0.9.7-2, 0.9.7-1.4, 0.9.7-1.3, 0.9.7-1.2, 0.9.7-1.1, 0.9.7-1, 0.9.7-0, 0.9.6-23, 0.9.6-22, 0.9.6-21, 0.9.6-20, 0.9.6-19, 0.9.6-18, 0.9.6-17, 0.9.6-16, 0.9.6-15, 0.9.6-14, 0.9.6-13, 0.9.6-12, 0.9.6-11, 0.9.6-10, 0.9.6-9, 0.9.6-8, 0.9.6-7, 0.9.4, 0.9.4-4, 0.9.3, 0.9.2, 0.9.1
104 verbose stack
104 verbose stack     at pickVersionFromRegistryDocument (/home/ubuntu/.nvm/versions/node/v6.11.2/lib/node_modules/npm/lib/fetch-package-metadata.js:178:16)
104 verbose stack     at /home/ubuntu/.nvm/versions/node/v6.11.2/lib/node_modules/npm/node_modules/iferr/index.js:13:50
104 verbose stack     at /home/ubuntu/.nvm/versions/node/v6.11.2/lib/node_modules/npm/lib/utils/pulse-till-done.js:20:8
104 verbose stack     at saved (/home/ubuntu/.nvm/versions/node/v6.11.2/lib/node_modules/npm/lib/cache/caching-client.js:174:7)
104 verbose stack     at /home/ubuntu/.nvm/versions/node/v6.11.2/lib/node_modules/npm/node_modules/graceful-fs/polyfills.js:241:18
104 verbose stack     at FSReqWrap.oncomplete (fs.js:123:15)
105 verbose cwd /home/ubuntu/workspace/ToDo
106 error Linux 4.9.74-c9
107 error argv "/home/ubuntu/.nvm/versions/node/v6.11.2/bin/node" "/home/ubuntu/.nvm/versions/node/v6.11.2/bin/npm" "install" "mongoose"
108 error node v6.11.2
109 error npm  v3.10.10
110 error code ETARGET
111 error notarget No compatible version found: mongodb@0.7.9
111 error notarget Valid install targets:
111 error notarget 3.0.1, 3.0.0, 3.0.0-rc0, 2.2.34, 2.2.33, 2.2.32, 2.2.31, 2.2.30, 2.2.29, 2.2.28, 2.2.27, 2.2.26, 2.2.25, 2.2.24, 2.2.23, 2.2.22, 2.2.21, 2.2.20, 2.2.19, 2.2.18, 2.2.17, 2.2.16, 2.2.15, 2.2.14, 2.2.13, 2.2.12, 2.2.11, 2.2.10, 2.2.9, 2.2.8, 2.2.7, 2.2.6, 2.2.5, 2.2.4, 2.2.3, 2.2.2, 2.2.1, 2.2.0, 2.2.0-alpha2, 2.2.0-alpha1, 2.1.22-alpha4, 2.1.22-alpha3, 2.1.22-alpha2, 2.1.22-alpha, 2.1.21, 2.1.20, 2.1.19, 2.1.18, 2.1.17, 2.1.16, 2.1.15, 2.1.14, 2.1.13, 2.1.12, 2.1.11, 2.1.10, 2.1.9, 2.1.8, 2.1.7, 2.1.6, 2.1.5, 2.1.4, 2.1.3, 2.1.2, 2.1.1, 2.1.0, 2.1.0-rc1, 2.1.0-alpha, 2.0.55, 2.0.54, 2.0.53, 2.0.52, 2.0.51, 2.0.50, 2.0.49, 2.0.48, 2.0.47, 2.0.46, 2.0.45, 2.0.44, 2.0.43, 2.0.42, 2.0.41, 2.0.40, 2.0.39, 2.0.38, 2.0.37, 2.0.36, 2.0.35, 2.0.34, 2.0.33, 2.0.32, 2.0.31, 2.0.30, 2.0.29, 2.0.28, 2.0.27, 2.0.26, 2.0.25, 2.0.24, 2.0.23, 2.0.22, 2.0.21, 2.0.20, 2.0.19, 2.0.18, 2.0.17, 2.0.16, 2.0.15, 2.0.14, 2.0.13, 2.0.12, 2.0.11, 2.0.10, 2.0.9, 2.0.8, 2.0.7, 2.0.6, 2.0.5, 2.0.4, 2.0.3, 2.0.2, 2.0.1, 2.0.0, 2.0.0-alpha2, 2.0.0-alpha1, 1.4.40, 1.4.39, 1.4.38, 1.4.37, 1.4.36, 1.4.35, 1.4.34, 1.4.33, 1.4.32, 1.4.31, 1.4.30, 1.4.29, 1.4.28, 1.4.27, 1.4.26, 1.4.25, 1.4.24, 1.4.23, 1.4.22, 1.4.20, 1.4.19, 1.4.18, 1.4.17, 1.4.16, 1.4.15, 1.4.14, 1.4.12, 1.4.11, 1.4.10, 1.4.9, 1.4.8, 1.4.7, 1.4.6, 1.4.5, 1.4.4, 1.4.3, 1.4.2, 1.4.1, 1.4.0, 1.4.0-rc9, 1.4.0-rc8, 1.4.0-rc7, 1.4.0-rc6, 1.4.0-rc5, 1.4.0-rc4, 1.4.0-rc3, 1.4.0-rc2, 1.4.0-rc10, 1.3.23, 1.3.22, 1.3.21, 1.3.20, 1.3.19, 1.3.18, 1.3.17, 1.3.15, 1.3.14, 1.3.12, 1.3.11, 1.3.10, 1.3.9, 1.3.8, 1.3.7, 1.3.6, 1.3.5, 1.3.4, 1.3.3, 1.3.2, 1.3.1, 1.3.0, 1.2.14, 1.2.13, 1.2.12, 1.2.11, 1.2.10, 1.2.9, 1.2.8, 1.2.7, 1.2.6, 1.2.5, 1.2.4, 1.2.3, 1.2.2, 1.2.1, 1.2.0, 1.1.11, 1.1.10, 1.1.9, 1.1.8, 1.1.7, 1.1.6, 1.1.5, 1.1.4, 1.1.3, 1.1.2, 1.1.1, 1.1.0, 1.1.0-beta, 1.0.2, 1.0.1, 1.0.0, 0.9.9, 0.9.9-8, 0.9.9-7, 0.9.9-6, 0.9.9-5, 0.9.9-4, 0.9.9-3, 0.9.9-2, 0.9.9-1, 0.9.8, 0.9.8-7, 0.9.8-6, 0.9.8-5, 0.9.8-4, 0.9.8-3, 0.9.8-2, 0.9.8-1, 0.9.7, 0.9.7-3-5, 0.9.7-3-4, 0.9.7-3-3, 0.9.7-3-2, 0.9.7-3-1, 0.9.7-2-5, 0.9.7-2-4, 0.9.7-2-3, 0.9.7-2-2, 0.9.7-2-1, 0.9.7-3, 0.9.7-2, 0.9.7-1.4, 0.9.7-1.3, 0.9.7-1.2, 0.9.7-1.1, 0.9.7-1, 0.9.7-0, 0.9.6-23, 0.9.6-22, 0.9.6-21, 0.9.6-20, 0.9.6-19, 0.9.6-18, 0.9.6-17, 0.9.6-16, 0.9.6-15, 0.9.6-14, 0.9.6-13, 0.9.6-12, 0.9.6-11, 0.9.6-10, 0.9.6-9, 0.9.6-8, 0.9.6-7, 0.9.4, 0.9.4-4, 0.9.3, 0.9.2, 0.9.1
112 error notarget This is most likely not a problem with npm itself.
112 error notarget In most cases you or one of your dependencies are requesting
112 error notarget a package version that doesn't exist.
112 error notarget
112 error notarget It was specified as a dependency of 'mongoose'
113 verbose exit [ 1, true ]
